<?xml version="1.0" encoding="UTF-8"?>
<!-- Generated by org.testng.reporters.JUnitXMLReporter -->
<testsuite hostname="VENOM" ignored="0" name="Test" tests="3" failures="0" timestamp="2022-04-02T00:19:59 IST" time="41.089" errors="0">
  <testcase name="TC1" time="0.03" classname="com.orange.qa.testcases.loginpagestest"/>
  <testcase name="TC2" time="0.076" classname="com.orange.qa.testcases.loginpagestest"/>
  <testcase name="TC3" time="4.52" classname="com.orange.qa.testcases.loginpagestest"/>
</testsuite> <!-- Test -->
