<?xml version="1.0" encoding="UTF-8"?>
<testng-results skipped="0" failed="0" ignored="0" total="2" passed="2">
  <reporter-output>
  </reporter-output>
  <suite name="Suite" duration-ms="3219" started-at="2022-04-02T00:02:55 IST" finished-at="2022-04-02T00:02:58 IST">
    <groups>
    </groups>
    <test name="Test" duration-ms="3219" started-at="2022-04-02T00:02:55 IST" finished-at="2022-04-02T00:02:58 IST">
      <class name="com.abc.orangehrm.test.loginpagetest">
        <test-method status="PASS" signature="BrowserInitilisation()[pri:0, instance:com.abc.orangehrm.test.loginpagetest@7e0e6aa2]" name="BrowserInitilisation" is-config="true" duration-ms="8435" started-at="2022-04-02T00:02:47 IST" finished-at="2022-04-02T00:02:55 IST">
          <reporter-output>
          </reporter-output>
        </test-method> <!-- BrowserInitilisation -->
        <test-method status="PASS" signature="starttest()[pri:0, instance:com.abc.orangehrm.test.loginpagetest@7e0e6aa2]" name="starttest" is-config="true" duration-ms="72" started-at="2022-04-02T00:02:55 IST" finished-at="2022-04-02T00:02:55 IST">
          <reporter-output>
          </reporter-output>
        </test-method> <!-- starttest -->
        <test-method status="PASS" signature="TC1()[pri:0, instance:com.abc.orangehrm.test.loginpagetest@7e0e6aa2]" name="TC1" duration-ms="1911" started-at="2022-04-02T00:02:55 IST" description="verify that user is able with invalid credentials " finished-at="2022-04-02T00:02:57 IST">
          <reporter-output>
          </reporter-output>
        </test-method> <!-- TC1 -->
        <test-method status="PASS" signature="forg()[pri:0, instance:com.abc.orangehrm.test.loginpagetest@7e0e6aa2]" name="forg" duration-ms="1035" started-at="2022-04-02T00:02:57 IST" finished-at="2022-04-02T00:02:58 IST">
          <reporter-output>
          </reporter-output>
        </test-method> <!-- forg -->
        <test-method status="PASS" signature="endtest()[pri:0, instance:com.abc.orangehrm.test.loginpagetest@7e0e6aa2]" name="endtest" is-config="true" duration-ms="174" started-at="2022-04-02T00:02:58 IST" finished-at="2022-04-02T00:02:58 IST">
          <reporter-output>
          </reporter-output>
        </test-method> <!-- endtest -->
      </class> <!-- com.abc.orangehrm.test.loginpagetest -->
    </test> <!-- Test -->
  </suite> <!-- Suite -->
</testng-results>
